
=== Thu Aug 11 03:22:19 2022

Packages were changed.
Update Mode: mergeDefaultDependencies

The following packages were added:
  com.unity.collab-proxy@1.17.0
  com.unity.ide.rider@2.0.7
  com.unity.ide.visualstudio@2.0.16
  com.unity.ide.vscode@1.2.5
  com.unity.modules.ai@1.0.0
  com.unity.modules.androidjni@1.0.0
  com.unity.modules.animation@1.0.0
  com.unity.modules.assetbundle@1.0.0
  com.unity.modules.audio@1.0.0
  com.unity.modules.cloth@1.0.0
  com.unity.modules.director@1.0.0
  com.unity.modules.imageconversion@1.0.0
  com.unity.modules.imgui@1.0.0
  com.unity.modules.jsonserialize@1.0.0
  com.unity.modules.particlesystem@1.0.0
  com.unity.modules.physics@1.0.0
  com.unity.modules.physics2d@1.0.0
  com.unity.modules.screencapture@1.0.0
  com.unity.modules.terrain@1.0.0
  com.unity.modules.terrainphysics@1.0.0
  com.unity.modules.tilemap@1.0.0
  com.unity.modules.ui@1.0.0
  com.unity.modules.uielements@1.0.0
  com.unity.modules.umbra@1.0.0
  com.unity.modules.unityanalytics@1.0.0
  com.unity.modules.unitywebrequest@1.0.0
  com.unity.modules.unitywebrequestassetbundle@1.0.0
  com.unity.modules.unitywebrequestaudio@1.0.0
  com.unity.modules.unitywebrequesttexture@1.0.0
  com.unity.modules.unitywebrequestwww@1.0.0
  com.unity.modules.vehicles@1.0.0
  com.unity.modules.video@1.0.0
  com.unity.modules.vr@1.0.0
  com.unity.modules.wind@1.0.0
  com.unity.modules.xr@1.0.0
  com.unity.test-framework@1.1.31
  com.unity.textmeshpro@3.0.6
  com.unity.timeline@1.4.8
  com.unity.ugui@1.0.0
The following packages were updated:
  com.unity.2d.animation from version 5.0.10 to 5.2.2
  com.unity.2d.psdimporter from version 4.1.3 to 4.3.0
  com.unity.2d.spriteshape from version 5.1.7 to 5.3.0

=== Fri Sep  9 20:56:32 2022

Packages were changed.
Update Mode: updateDependencies

The following packages were updated:
  com.unity.2d.animation from version 5.2.2 to 8.0.3
  com.unity.2d.pixel-perfect from version 4.0.1 to 5.0.1
  com.unity.2d.psdimporter from version 4.3.0 to 7.0.2
  com.unity.2d.spriteshape from version 5.3.0 to 8.0.1
  com.unity.collab-proxy from version 1.17.0 to 1.17.2
  com.unity.ide.rider from version 2.0.7 to 3.0.15
  com.unity.test-framework from version 1.1.31 to 1.1.33
  com.unity.timeline from version 1.4.8 to 1.7.1

=== Tue Feb 27 21:13:34 2024

Packages were changed.
Update Mode: updateDependencies

The following packages were added:
  com.unity.ai.navigation@1.1.5
The following packages were updated:
  com.unity.2d.animation from version 8.0.3 to 9.1.0
  com.unity.2d.pixel-perfect from version 5.0.1 to 5.0.3
  com.unity.2d.psdimporter from version 7.0.2 to 8.0.4
  com.unity.2d.spriteshape from version 8.0.1 to 9.0.2
  com.unity.ads from version 4.1.0 to 4.4.2
  com.unity.collab-proxy from version 1.17.2 to 2.2.0
  com.unity.ide.rider from version 3.0.15 to 3.0.27
  com.unity.ide.visualstudio from version 2.0.16 to 2.0.22
  com.unity.timeline from version 1.7.1 to 1.7.6
  com.unity.toolchain.win-x86_64-linux-x86_64 from version 2.0.2 to 2.0.4

=== Sun Dec 14 12:33:31 2025

Packages were changed.
Update Mode: updateDependencies

The following packages were added:
  com.unity.modules.accessibility@1.0.0
  com.unity.multiplayer.center@1.0.0
The following packages were updated:
  com.unity.2d.animation from version 9.1.0 to 12.0.2
  com.unity.2d.pixel-perfect from version 5.0.3 to 5.1.0
  com.unity.2d.psdimporter from version 8.0.4 to 11.0.1
  com.unity.2d.spriteshape from version 9.0.2 to 12.0.1
  com.unity.ai.navigation from version 1.1.5 to 2.0.9
  com.unity.collab-proxy from version 2.2.0 to 2.9.3
  com.unity.ide.rider from version 3.0.27 to 3.0.38
  com.unity.ide.visualstudio from version 2.0.22 to 2.0.23
  com.unity.test-framework from version 1.1.33 to 1.6.0
  com.unity.timeline from version 1.7.6 to 1.8.9
  com.unity.toolchain.win-x86_64-linux-x86_64 from version 2.0.4 to 2.0.10
  com.unity.ugui from version 1.0.0 to 2.0.0
The following packages were removed:
  com.unity.textmeshpro@3.0.6
